<?xml version="1.0" encoding="UTF-8"?>
<testsuite name="Registro de usuario en la plataforma Utest" tests="1" skipped="0" failures="0" errors="0" timestamp="2021-12-07T01:36:53" hostname="Fernando" time="79.504">
  <properties/>
  <testcase name="Registro de Luis en la pagina de Utest" classname="Registro de usuario en la plataforma Utest" time="79.504"/>
  <system-out><![CDATA[]]></system-out>
  <system-err><![CDATA[[Test worker] WARN net.thucydides.core.steps.BaseStepListener - stepStarted: net.thucydides.core.steps.ExecutedStepDescription@745ec149
[Test worker] WARN net.thucydides.core.steps.BaseStepListener - stepStarted: net.thucydides.core.steps.ExecutedStepDescription@2a4fb7b2
[Test worker] WARN net.thucydides.core.steps.BaseStepListener - stepStarted: net.thucydides.core.steps.ExecutedStepDescription@366ffb0a
dic 06, 2021 8:36:54 PM org.openqa.selenium.remote.DesiredCapabilities chrome
INFORMACIÓN: Using `new ChromeOptions()` is preferred to `DesiredCapabilities.chrome()`
[Test worker] INFO net.serenitybdd.core.webdriver.driverproviders.ProvideNewDriver - Instantiating driver
[Test worker] INFO net.serenitybdd.core.webdriver.driverproviders.ProvideNewDriver - Driver capabilities: Capabilities {acceptInsecureCerts: false, browserName: chrome, chrome.switches: --start-maximized, goog:chromeOptions: {args: [--start-maximized], extensions: []}, loggingPrefs: org.openqa.selenium.logging..., platform: ANY, version: }
Starting ChromeDriver 96.0.4664.45 (76e4c1bb2ab4671b8beba3444e61c0f17584b2fc-refs/branch-heads/4664@{#947}) on port 27874
Only local connections are allowed.
Please see https://chromedriver.chromium.org/security-considerations for suggestions on keeping ChromeDriver safe.
ChromeDriver was started successfully.
dic 06, 2021 8:37:05 PM org.openqa.selenium.remote.ProtocolHandshake createSession
INFORMACIÓN: Detected dialect: W3C
[Test worker] WARN net.thucydides.core.steps.BaseStepListener - stepFinished: current outcome:Registro de Luis en la pagina de Utest:Given Luis desea registrarse en la plataforma Utest [Luis abrir [Luis opens the Pagina utest]]
[Test worker] WARN net.thucydides.core.steps.BaseStepListener - stepStarted: net.thucydides.core.steps.ExecutedStepDescription@8d8d7cb
[Test worker] WARN net.thucydides.core.steps.BaseStepListener - stepFinished: current outcome:Registro de Luis en la pagina de Utest:Given Luis desea registrarse en la plataforma Utest [Luis abrir [Luis opens the Pagina utest, Luis clicks on Boton para iniciar el registro]]
[Test worker] WARN net.thucydides.core.steps.BaseStepListener - stepFinished: current outcome:Registro de Luis en la pagina de Utest:Given Luis desea registrarse en la plataforma Utest [Luis abrir [Luis opens the Pagina utest, Luis clicks on Boton para iniciar el registro]]
[Test worker] WARN net.thucydides.core.steps.BaseStepListener - stepFinished: current outcome:Registro de Luis en la pagina de Utest:Given Luis desea registrarse en la plataforma Utest [Luis abrir [Luis opens the Pagina utest, Luis clicks on Boton para iniciar el registro]]
[Test worker] WARN net.thucydides.core.steps.BaseStepListener - stepStarted: net.thucydides.core.steps.ExecutedStepDescription@2b9e4512
[Test worker] WARN net.thucydides.core.steps.BaseStepListener - stepStarted: net.thucydides.core.steps.ExecutedStepDescription@595d50fe
[Test worker] WARN net.thucydides.core.steps.BaseStepListener - stepStarted: net.thucydides.core.steps.ExecutedStepDescription@369e33c7
[Test worker] WARN net.thucydides.core.steps.BaseStepListener - stepFinished: current outcome:Registro de Luis en la pagina de Utest:Given Luis desea registrarse en la plataforma Utest [Luis abrir [Luis opens the Pagina utest, Luis clicks on Boton para iniciar el registro]], When El usuario ingresa los datos requeridos por el sistema Utest
| strNombre | strApellido | strEmail | strMesNacimiento | strDiaNacimiento | strAnoNacimiento | strCiudad | strZip | strPais | strDispositivoMovil | strModeloMovil | strSistemaOperativoMovil | strClave |
| fernando | nustes | luisfernando0961013@gmail.com | October | 13 | 1996 | Bogota | 250000 | Colombia | Apple | iPhone 5S | iOS 11.0 | LuisL@129870 | [Luis llenar [Luis enters 'fernando' into nombre]]
[Test worker] WARN net.thucydides.core.steps.BaseStepListener - stepStarted: net.thucydides.core.steps.ExecutedStepDescription@2882e948
[Test worker] WARN net.thucydides.core.steps.BaseStepListener - stepFinished: current outcome:Registro de Luis en la pagina de Utest:Given Luis desea registrarse en la plataforma Utest [Luis abrir [Luis opens the Pagina utest, Luis clicks on Boton para iniciar el registro]], When El usuario ingresa los datos requeridos por el sistema Utest
| strNombre | strApellido | strEmail | strMesNacimiento | strDiaNacimiento | strAnoNacimiento | strCiudad | strZip | strPais | strDispositivoMovil | strModeloMovil | strSistemaOperativoMovil | strClave |
| fernando | nustes | luisfernando0961013@gmail.com | October | 13 | 1996 | Bogota | 250000 | Colombia | Apple | iPhone 5S | iOS 11.0 | LuisL@129870 | [Luis llenar [Luis enters 'fernando' into nombre, Luis enters 'nustes' into apellido]]
[Test worker] WARN net.thucydides.core.steps.BaseStepListener - stepStarted: net.thucydides.core.steps.ExecutedStepDescription@3a6bb883
[Test worker] WARN net.thucydides.core.steps.BaseStepListener - stepFinished: current outcome:Registro de Luis en la pagina de Utest:Given Luis desea registrarse en la plataforma Utest [Luis abrir [Luis opens the Pagina utest, Luis clicks on Boton para iniciar el registro]], When El usuario ingresa los datos requeridos por el sistema Utest
| strNombre | strApellido | strEmail | strMesNacimiento | strDiaNacimiento | strAnoNacimiento | strCiudad | strZip | strPais | strDispositivoMovil | strModeloMovil | strSistemaOperativoMovil | strClave |
| fernando | nustes | luisfernando0961013@gmail.com | October | 13 | 1996 | Bogota | 250000 | Colombia | Apple | iPhone 5S | iOS 11.0 | LuisL@129870 | [Luis llenar [Luis enters 'fernando' into nombre, Luis enters 'nustes' into apellido, Luis enters 'luisfernando0961013@gmail.com' into email]]
[Test worker] WARN net.thucydides.core.steps.BaseStepListener - stepStarted: net.thucydides.core.steps.ExecutedStepDescription@64a96606
[Test worker] WARN net.thucydides.core.steps.BaseStepListener - stepFinished: current outcome:Registro de Luis en la pagina de Utest:Given Luis desea registrarse en la plataforma Utest [Luis abrir [Luis opens the Pagina utest, Luis clicks on Boton para iniciar el registro]], When El usuario ingresa los datos requeridos por el sistema Utest
| strNombre | strApellido | strEmail | strMesNacimiento | strDiaNacimiento | strAnoNacimiento | strCiudad | strZip | strPais | strDispositivoMovil | strModeloMovil | strSistemaOperativoMovil | strClave |
| fernando | nustes | luisfernando0961013@gmail.com | October | 13 | 1996 | Bogota | 250000 | Colombia | Apple | iPhone 5S | iOS 11.0 | LuisL@129870 | [Luis llenar [Luis enters 'fernando' into nombre, Luis enters 'nustes' into apellido, Luis enters 'luisfernando0961013@gmail.com' into email, Luis select October on mes de nacimiento]]
[Test worker] WARN net.thucydides.core.steps.BaseStepListener - stepStarted: net.thucydides.core.steps.ExecutedStepDescription@606f39d0
[Test worker] WARN net.thucydides.core.steps.BaseStepListener - stepFinished: current outcome:Registro de Luis en la pagina de Utest:Given Luis desea registrarse en la plataforma Utest [Luis abrir [Luis opens the Pagina utest, Luis clicks on Boton para iniciar el registro]], When El usuario ingresa los datos requeridos por el sistema Utest
| strNombre | strApellido | strEmail | strMesNacimiento | strDiaNacimiento | strAnoNacimiento | strCiudad | strZip | strPais | strDispositivoMovil | strModeloMovil | strSistemaOperativoMovil | strClave |
| fernando | nustes | luisfernando0961013@gmail.com | October | 13 | 1996 | Bogota | 250000 | Colombia | Apple | iPhone 5S | iOS 11.0 | LuisL@129870 | [Luis llenar [Luis enters 'fernando' into nombre, Luis enters 'nustes' into apellido, Luis enters 'luisfernando0961013@gmail.com' into email, Luis select October on mes de nacimiento, Luis select 13 on dia de nacimiento]]
[Test worker] WARN net.thucydides.core.steps.BaseStepListener - stepStarted: net.thucydides.core.steps.ExecutedStepDescription@34dc0b05
[Test worker] WARN net.thucydides.core.steps.BaseStepListener - stepFinished: current outcome:Registro de Luis en la pagina de Utest:Given Luis desea registrarse en la plataforma Utest [Luis abrir [Luis opens the Pagina utest, Luis clicks on Boton para iniciar el registro]], When El usuario ingresa los datos requeridos por el sistema Utest
| strNombre | strApellido | strEmail | strMesNacimiento | strDiaNacimiento | strAnoNacimiento | strCiudad | strZip | strPais | strDispositivoMovil | strModeloMovil | strSistemaOperativoMovil | strClave |
| fernando | nustes | luisfernando0961013@gmail.com | October | 13 | 1996 | Bogota | 250000 | Colombia | Apple | iPhone 5S | iOS 11.0 | LuisL@129870 | [Luis llenar [Luis enters 'fernando' into nombre, Luis enters 'nustes' into apellido, Luis enters 'luisfernando0961013@gmail.com' into email, Luis select October on mes de nacimiento, Luis select 13 on dia de nacimiento, Luis select 1996 on ano de nacimiento]]
[Test worker] WARN net.thucydides.core.steps.BaseStepListener - stepStarted: net.thucydides.core.steps.ExecutedStepDescription@621f6924
[Test worker] WARN net.thucydides.core.steps.BaseStepListener - stepFinished: current outcome:Registro de Luis en la pagina de Utest:Given Luis desea registrarse en la plataforma Utest [Luis abrir [Luis opens the Pagina utest, Luis clicks on Boton para iniciar el registro]], When El usuario ingresa los datos requeridos por el sistema Utest
| strNombre | strApellido | strEmail | strMesNacimiento | strDiaNacimiento | strAnoNacimiento | strCiudad | strZip | strPais | strDispositivoMovil | strModeloMovil | strSistemaOperativoMovil | strClave |
| fernando | nustes | luisfernando0961013@gmail.com | October | 13 | 1996 | Bogota | 250000 | Colombia | Apple | iPhone 5S | iOS 11.0 | LuisL@129870 | [Luis llenar [Luis enters 'fernando' into nombre, Luis enters 'nustes' into apellido, Luis enters 'luisfernando0961013@gmail.com' into email, Luis select October on mes de nacimiento, Luis select 13 on dia de nacimiento, Luis select 1996 on ano de nacimiento, Luis clicks on boton que lleva a la seccion de Direccion]]
[Test worker] WARN net.thucydides.core.steps.BaseStepListener - stepFinished: current outcome:Registro de Luis en la pagina de Utest:Given Luis desea registrarse en la plataforma Utest [Luis abrir [Luis opens the Pagina utest, Luis clicks on Boton para iniciar el registro]], When El usuario ingresa los datos requeridos por el sistema Utest
| strNombre | strApellido | strEmail | strMesNacimiento | strDiaNacimiento | strAnoNacimiento | strCiudad | strZip | strPais | strDispositivoMovil | strModeloMovil | strSistemaOperativoMovil | strClave |
| fernando | nustes | luisfernando0961013@gmail.com | October | 13 | 1996 | Bogota | 250000 | Colombia | Apple | iPhone 5S | iOS 11.0 | LuisL@129870 | [Luis llenar [Luis enters 'fernando' into nombre, Luis enters 'nustes' into apellido, Luis enters 'luisfernando0961013@gmail.com' into email, Luis select October on mes de nacimiento, Luis select 13 on dia de nacimiento, Luis select 1996 on ano de nacimiento, Luis clicks on boton que lleva a la seccion de Direccion]]
[Test worker] WARN net.thucydides.core.steps.BaseStepListener - stepStarted: net.thucydides.core.steps.ExecutedStepDescription@6dc09cfc
[Test worker] WARN net.thucydides.core.steps.BaseStepListener - stepStarted: net.thucydides.core.steps.ExecutedStepDescription@549bcc3c
[Test worker] WARN net.thucydides.core.steps.BaseStepListener - stepFinished: current outcome:Registro de Luis en la pagina de Utest:Given Luis desea registrarse en la plataforma Utest [Luis abrir [Luis opens the Pagina utest, Luis clicks on Boton para iniciar el registro]], When El usuario ingresa los datos requeridos por el sistema Utest
| strNombre | strApellido | strEmail | strMesNacimiento | strDiaNacimiento | strAnoNacimiento | strCiudad | strZip | strPais | strDispositivoMovil | strModeloMovil | strSistemaOperativoMovil | strClave |
| fernando | nustes | luisfernando0961013@gmail.com | October | 13 | 1996 | Bogota | 250000 | Colombia | Apple | iPhone 5S | iOS 11.0 | LuisL@129870 | [Luis llenar [Luis enters 'fernando' into nombre, Luis enters 'nustes' into apellido, Luis enters 'luisfernando0961013@gmail.com' into email, Luis select October on mes de nacimiento, Luis select 13 on dia de nacimiento, Luis select 1996 on ano de nacimiento, Luis clicks on boton que lleva a la seccion de Direccion], Luis llenar direccion [Luis enters 'Bogota' into Ciudad]]
[Test worker] WARN net.thucydides.core.steps.BaseStepListener - stepStarted: net.thucydides.core.steps.ExecutedStepDescription@4f4be6e1
[Test worker] WARN net.thucydides.core.steps.BaseStepListener - stepFinished: current outcome:Registro de Luis en la pagina de Utest:Given Luis desea registrarse en la plataforma Utest [Luis abrir [Luis opens the Pagina utest, Luis clicks on Boton para iniciar el registro]], When El usuario ingresa los datos requeridos por el sistema Utest
| strNombre | strApellido | strEmail | strMesNacimiento | strDiaNacimiento | strAnoNacimiento | strCiudad | strZip | strPais | strDispositivoMovil | strModeloMovil | strSistemaOperativoMovil | strClave |
| fernando | nustes | luisfernando0961013@gmail.com | October | 13 | 1996 | Bogota | 250000 | Colombia | Apple | iPhone 5S | iOS 11.0 | LuisL@129870 | [Luis llenar [Luis enters 'fernando' into nombre, Luis enters 'nustes' into apellido, Luis enters 'luisfernando0961013@gmail.com' into email, Luis select October on mes de nacimiento, Luis select 13 on dia de nacimiento, Luis select 1996 on ano de nacimiento, Luis clicks on boton que lleva a la seccion de Direccion], Luis llenar direccion [Luis enters 'Bogota' into Ciudad, Luis types 'ARROW_DOWN' in Ciudad]]
[Test worker] WARN net.thucydides.core.steps.BaseStepListener - stepStarted: net.thucydides.core.steps.ExecutedStepDescription@3339e94c
[Test worker] WARN net.thucydides.core.steps.BaseStepListener - stepFinished: current outcome:Registro de Luis en la pagina de Utest:Given Luis desea registrarse en la plataforma Utest [Luis abrir [Luis opens the Pagina utest, Luis clicks on Boton para iniciar el registro]], When El usuario ingresa los datos requeridos por el sistema Utest
| strNombre | strApellido | strEmail | strMesNacimiento | strDiaNacimiento | strAnoNacimiento | strCiudad | strZip | strPais | strDispositivoMovil | strModeloMovil | strSistemaOperativoMovil | strClave |
| fernando | nustes | luisfernando0961013@gmail.com | October | 13 | 1996 | Bogota | 250000 | Colombia | Apple | iPhone 5S | iOS 11.0 | LuisL@129870 | [Luis llenar [Luis enters 'fernando' into nombre, Luis enters 'nustes' into apellido, Luis enters 'luisfernando0961013@gmail.com' into email, Luis select October on mes de nacimiento, Luis select 13 on dia de nacimiento, Luis select 1996 on ano de nacimiento, Luis clicks on boton que lleva a la seccion de Direccion], Luis llenar direccion [Luis enters 'Bogota' into Ciudad, Luis types 'ARROW_DOWN' in Ciudad, Luis types 'ENTER' in Ciudad]]
[Test worker] WARN net.thucydides.core.steps.BaseStepListener - stepStarted: net.thucydides.core.steps.ExecutedStepDescription@29b95741
[Test worker] WARN net.thucydides.core.steps.BaseStepListener - stepFinished: current outcome:Registro de Luis en la pagina de Utest:Given Luis desea registrarse en la plataforma Utest [Luis abrir [Luis opens the Pagina utest, Luis clicks on Boton para iniciar el registro]], When El usuario ingresa los datos requeridos por el sistema Utest
| strNombre | strApellido | strEmail | strMesNacimiento | strDiaNacimiento | strAnoNacimiento | strCiudad | strZip | strPais | strDispositivoMovil | strModeloMovil | strSistemaOperativoMovil | strClave |
| fernando | nustes | luisfernando0961013@gmail.com | October | 13 | 1996 | Bogota | 250000 | Colombia | Apple | iPhone 5S | iOS 11.0 | LuisL@129870 | [Luis llenar [Luis enters 'fernando' into nombre, Luis enters 'nustes' into apellido, Luis enters 'luisfernando0961013@gmail.com' into email, Luis select October on mes de nacimiento, Luis select 13 on dia de nacimiento, Luis select 1996 on ano de nacimiento, Luis clicks on boton que lleva a la seccion de Direccion], Luis llenar direccion [Luis enters 'Bogota' into Ciudad, Luis types 'ARROW_DOWN' in Ciudad, Luis types 'ENTER' in Ciudad, Luis enters '250000' into Codigo Postal]]
[Test worker] WARN net.thucydides.core.steps.BaseStepListener - stepStarted: net.thucydides.core.steps.ExecutedStepDescription@48669712
[Test worker] WARN net.thucydides.core.steps.BaseStepListener - stepFinished: current outcome:Registro de Luis en la pagina de Utest:Given Luis desea registrarse en la plataforma Utest [Luis abrir [Luis opens the Pagina utest, Luis clicks on Boton para iniciar el registro]], When El usuario ingresa los datos requeridos por el sistema Utest
| strNombre | strApellido | strEmail | strMesNacimiento | strDiaNacimiento | strAnoNacimiento | strCiudad | strZip | strPais | strDispositivoMovil | strModeloMovil | strSistemaOperativoMovil | strClave |
| fernando | nustes | luisfernando0961013@gmail.com | October | 13 | 1996 | Bogota | 250000 | Colombia | Apple | iPhone 5S | iOS 11.0 | LuisL@129870 | [Luis llenar [Luis enters 'fernando' into nombre, Luis enters 'nustes' into apellido, Luis enters 'luisfernando0961013@gmail.com' into email, Luis select October on mes de nacimiento, Luis select 13 on dia de nacimiento, Luis select 1996 on ano de nacimiento, Luis clicks on boton que lleva a la seccion de Direccion], Luis llenar direccion [Luis enters 'Bogota' into Ciudad, Luis types 'ARROW_DOWN' in Ciudad, Luis types 'ENTER' in Ciudad, Luis enters '250000' into Codigo Postal, Luis clicks on Contenedor para paises]]
[Test worker] WARN net.thucydides.core.steps.BaseStepListener - stepStarted: net.thucydides.core.steps.ExecutedStepDescription@5975b78a
[Test worker] WARN net.thucydides.core.steps.BaseStepListener - stepFinished: current outcome:Registro de Luis en la pagina de Utest:Given Luis desea registrarse en la plataforma Utest [Luis abrir [Luis opens the Pagina utest, Luis clicks on Boton para iniciar el registro]], When El usuario ingresa los datos requeridos por el sistema Utest
| strNombre | strApellido | strEmail | strMesNacimiento | strDiaNacimiento | strAnoNacimiento | strCiudad | strZip | strPais | strDispositivoMovil | strModeloMovil | strSistemaOperativoMovil | strClave |
| fernando | nustes | luisfernando0961013@gmail.com | October | 13 | 1996 | Bogota | 250000 | Colombia | Apple | iPhone 5S | iOS 11.0 | LuisL@129870 | [Luis llenar [Luis enters 'fernando' into nombre, Luis enters 'nustes' into apellido, Luis enters 'luisfernando0961013@gmail.com' into email, Luis select October on mes de nacimiento, Luis select 13 on dia de nacimiento, Luis select 1996 on ano de nacimiento, Luis clicks on boton que lleva a la seccion de Direccion], Luis llenar direccion [Luis enters 'Bogota' into Ciudad, Luis types 'ARROW_DOWN' in Ciudad, Luis types 'ENTER' in Ciudad, Luis enters '250000' into Codigo Postal, Luis clicks on Contenedor para paises, Luis enters 'Colombia' then hits ARROW_DOWN and ENTER into Pais]]
[Test worker] WARN net.thucydides.core.steps.BaseStepListener - stepStarted: net.thucydides.core.steps.ExecutedStepDescription@30c824bd
[Test worker] WARN net.thucydides.core.steps.BaseStepListener - stepFinished: current outcome:Registro de Luis en la pagina de Utest:Given Luis desea registrarse en la plataforma Utest [Luis abrir [Luis opens the Pagina utest, Luis clicks on Boton para iniciar el registro]], When El usuario ingresa los datos requeridos por el sistema Utest
| strNombre | strApellido | strEmail | strMesNacimiento | strDiaNacimiento | strAnoNacimiento | strCiudad | strZip | strPais | strDispositivoMovil | strModeloMovil | strSistemaOperativoMovil | strClave |
| fernando | nustes | luisfernando0961013@gmail.com | October | 13 | 1996 | Bogota | 250000 | Colombia | Apple | iPhone 5S | iOS 11.0 | LuisL@129870 | [Luis llenar [Luis enters 'fernando' into nombre, Luis enters 'nustes' into apellido, Luis enters 'luisfernando0961013@gmail.com' into email, Luis select October on mes de nacimiento, Luis select 13 on dia de nacimiento, Luis select 1996 on ano de nacimiento, Luis clicks on boton que lleva a la seccion de Direccion], Luis llenar direccion [Luis enters 'Bogota' into Ciudad, Luis types 'ARROW_DOWN' in Ciudad, Luis types 'ENTER' in Ciudad, Luis enters '250000' into Codigo Postal, Luis clicks on Contenedor para paises, Luis enters 'Colombia' then hits ARROW_DOWN and ENTER into Pais, Luis clicks on Boton que lleva a la seccion de Dispocitivos]]
[Test worker] WARN net.thucydides.core.steps.BaseStepListener - stepFinished: current outcome:Registro de Luis en la pagina de Utest:Given Luis desea registrarse en la plataforma Utest [Luis abrir [Luis opens the Pagina utest, Luis clicks on Boton para iniciar el registro]], When El usuario ingresa los datos requeridos por el sistema Utest
| strNombre | strApellido | strEmail | strMesNacimiento | strDiaNacimiento | strAnoNacimiento | strCiudad | strZip | strPais | strDispositivoMovil | strModeloMovil | strSistemaOperativoMovil | strClave |
| fernando | nustes | luisfernando0961013@gmail.com | October | 13 | 1996 | Bogota | 250000 | Colombia | Apple | iPhone 5S | iOS 11.0 | LuisL@129870 | [Luis llenar [Luis enters 'fernando' into nombre, Luis enters 'nustes' into apellido, Luis enters 'luisfernando0961013@gmail.com' into email, Luis select October on mes de nacimiento, Luis select 13 on dia de nacimiento, Luis select 1996 on ano de nacimiento, Luis clicks on boton que lleva a la seccion de Direccion], Luis llenar direccion [Luis enters 'Bogota' into Ciudad, Luis types 'ARROW_DOWN' in Ciudad, Luis types 'ENTER' in Ciudad, Luis enters '250000' into Codigo Postal, Luis clicks on Contenedor para paises, Luis enters 'Colombia' then hits ARROW_DOWN and ENTER into Pais, Luis clicks on Boton que lleva a la seccion de Dispocitivos]]
[Test worker] WARN net.thucydides.core.steps.BaseStepListener - stepStarted: net.thucydides.core.steps.ExecutedStepDescription@7c3877c8
[Test worker] WARN net.thucydides.core.steps.BaseStepListener - stepStarted: net.thucydides.core.steps.ExecutedStepDescription@688cff3b
[Test worker] WARN net.thucydides.core.steps.BaseStepListener - stepFinished: current outcome:Registro de Luis en la pagina de Utest:Given Luis desea registrarse en la plataforma Utest [Luis abrir [Luis opens the Pagina utest, Luis clicks on Boton para iniciar el registro]], When El usuario ingresa los datos requeridos por el sistema Utest
| strNombre | strApellido | strEmail | strMesNacimiento | strDiaNacimiento | strAnoNacimiento | strCiudad | strZip | strPais | strDispositivoMovil | strModeloMovil | strSistemaOperativoMovil | strClave |
| fernando | nustes | luisfernando0961013@gmail.com | October | 13 | 1996 | Bogota | 250000 | Colombia | Apple | iPhone 5S | iOS 11.0 | LuisL@129870 | [Luis llenar [Luis enters 'fernando' into nombre, Luis enters 'nustes' into apellido, Luis enters 'luisfernando0961013@gmail.com' into email, Luis select October on mes de nacimiento, Luis select 13 on dia de nacimiento, Luis select 1996 on ano de nacimiento, Luis clicks on boton que lleva a la seccion de Direccion], Luis llenar direccion [Luis enters 'Bogota' into Ciudad, Luis types 'ARROW_DOWN' in Ciudad, Luis types 'ENTER' in Ciudad, Luis enters '250000' into Codigo Postal, Luis clicks on Contenedor para paises, Luis enters 'Colombia' then hits ARROW_DOWN and ENTER into Pais, Luis clicks on Boton que lleva a la seccion de Dispocitivos], Luis llenar dispositivos [Luis clicks on Contenedor de dispositivos moviles]]
[Test worker] WARN net.thucydides.core.steps.BaseStepListener - stepStarted: net.thucydides.core.steps.ExecutedStepDescription@4f933c98
[Test worker] WARN net.thucydides.core.steps.BaseStepListener - stepFinished: current outcome:Registro de Luis en la pagina de Utest:Given Luis desea registrarse en la plataforma Utest [Luis abrir [Luis opens the Pagina utest, Luis clicks on Boton para iniciar el registro]], When El usuario ingresa los datos requeridos por el sistema Utest
| strNombre | strApellido | strEmail | strMesNacimiento | strDiaNacimiento | strAnoNacimiento | strCiudad | strZip | strPais | strDispositivoMovil | strModeloMovil | strSistemaOperativoMovil | strClave |
| fernando | nustes | luisfernando0961013@gmail.com | October | 13 | 1996 | Bogota | 250000 | Colombia | Apple | iPhone 5S | iOS 11.0 | LuisL@129870 | [Luis llenar [Luis enters 'fernando' into nombre, Luis enters 'nustes' into apellido, Luis enters 'luisfernando0961013@gmail.com' into email, Luis select October on mes de nacimiento, Luis select 13 on dia de nacimiento, Luis select 1996 on ano de nacimiento, Luis clicks on boton que lleva a la seccion de Direccion], Luis llenar direccion [Luis enters 'Bogota' into Ciudad, Luis types 'ARROW_DOWN' in Ciudad, Luis types 'ENTER' in Ciudad, Luis enters '250000' into Codigo Postal, Luis clicks on Contenedor para paises, Luis enters 'Colombia' then hits ARROW_DOWN and ENTER into Pais, Luis clicks on Boton que lleva a la seccion de Dispocitivos], Luis llenar dispositivos [Luis clicks on Contenedor de dispositivos moviles, Luis enters 'Apple' then hits ARROW_DOWN and ENTER into Dispositivo movil]]
[Test worker] WARN net.thucydides.core.steps.BaseStepListener - stepStarted: net.thucydides.core.steps.ExecutedStepDescription@16b7ecd8
[Test worker] WARN net.thucydides.core.steps.BaseStepListener - stepFinished: current outcome:Registro de Luis en la pagina de Utest:Given Luis desea registrarse en la plataforma Utest [Luis abrir [Luis opens the Pagina utest, Luis clicks on Boton para iniciar el registro]], When El usuario ingresa los datos requeridos por el sistema Utest
| strNombre | strApellido | strEmail | strMesNacimiento | strDiaNacimiento | strAnoNacimiento | strCiudad | strZip | strPais | strDispositivoMovil | strModeloMovil | strSistemaOperativoMovil | strClave |
| fernando | nustes | luisfernando0961013@gmail.com | October | 13 | 1996 | Bogota | 250000 | Colombia | Apple | iPhone 5S | iOS 11.0 | LuisL@129870 | [Luis llenar [Luis enters 'fernando' into nombre, Luis enters 'nustes' into apellido, Luis enters 'luisfernando0961013@gmail.com' into email, Luis select October on mes de nacimiento, Luis select 13 on dia de nacimiento, Luis select 1996 on ano de nacimiento, Luis clicks on boton que lleva a la seccion de Direccion], Luis llenar direccion [Luis enters 'Bogota' into Ciudad, Luis types 'ARROW_DOWN' in Ciudad, Luis types 'ENTER' in Ciudad, Luis enters '250000' into Codigo Postal, Luis clicks on Contenedor para paises, Luis enters 'Colombia' then hits ARROW_DOWN and ENTER into Pais, Luis clicks on Boton que lleva a la seccion de Dispocitivos], Luis llenar dispositivos [Luis clicks on Contenedor de dispositivos moviles, Luis enters 'Apple' then hits ARROW_DOWN and ENTER into Dispositivo movil, Luis clicks on Contenedor de modelo de dispositivos moviles]]
[Test worker] WARN net.thucydides.core.steps.BaseStepListener - stepStarted: net.thucydides.core.steps.ExecutedStepDescription@469ac8c3
[Test worker] WARN net.thucydides.core.steps.BaseStepListener - stepFinished: current outcome:Registro de Luis en la pagina de Utest:Given Luis desea registrarse en la plataforma Utest [Luis abrir [Luis opens the Pagina utest, Luis clicks on Boton para iniciar el registro]], When El usuario ingresa los datos requeridos por el sistema Utest
| strNombre | strApellido | strEmail | strMesNacimiento | strDiaNacimiento | strAnoNacimiento | strCiudad | strZip | strPais | strDispositivoMovil | strModeloMovil | strSistemaOperativoMovil | strClave |
| fernando | nustes | luisfernando0961013@gmail.com | October | 13 | 1996 | Bogota | 250000 | Colombia | Apple | iPhone 5S | iOS 11.0 | LuisL@129870 | [Luis llenar [Luis enters 'fernando' into nombre, Luis enters 'nustes' into apellido, Luis enters 'luisfernando0961013@gmail.com' into email, Luis select October on mes de nacimiento, Luis select 13 on dia de nacimiento, Luis select 1996 on ano de nacimiento, Luis clicks on boton que lleva a la seccion de Direccion], Luis llenar direccion [Luis enters 'Bogota' into Ciudad, Luis types 'ARROW_DOWN' in Ciudad, Luis types 'ENTER' in Ciudad, Luis enters '250000' into Codigo Postal, Luis clicks on Contenedor para paises, Luis enters 'Colombia' then hits ARROW_DOWN and ENTER into Pais, Luis clicks on Boton que lleva a la seccion de Dispocitivos], Luis llenar dispositivos [Luis clicks on Contenedor de dispositivos moviles, Luis enters 'Apple' then hits ARROW_DOWN and ENTER into Dispositivo movil, Luis clicks on Contenedor de modelo de dispositivos moviles, Luis enters 'iPhone 5S' then hits ARROW_DOWN and ENTER into Modelo de dispositivo movil]]
[Test worker] WARN net.thucydides.core.steps.BaseStepListener - stepStarted: net.thucydides.core.steps.ExecutedStepDescription@4273a9e9
[Test worker] WARN net.thucydides.core.steps.BaseStepListener - stepFinished: current outcome:Registro de Luis en la pagina de Utest:Given Luis desea registrarse en la plataforma Utest [Luis abrir [Luis opens the Pagina utest, Luis clicks on Boton para iniciar el registro]], When El usuario ingresa los datos requeridos por el sistema Utest
| strNombre | strApellido | strEmail | strMesNacimiento | strDiaNacimiento | strAnoNacimiento | strCiudad | strZip | strPais | strDispositivoMovil | strModeloMovil | strSistemaOperativoMovil | strClave |
| fernando | nustes | luisfernando0961013@gmail.com | October | 13 | 1996 | Bogota | 250000 | Colombia | Apple | iPhone 5S | iOS 11.0 | LuisL@129870 | [Luis llenar [Luis enters 'fernando' into nombre, Luis enters 'nustes' into apellido, Luis enters 'luisfernando0961013@gmail.com' into email, Luis select October on mes de nacimiento, Luis select 13 on dia de nacimiento, Luis select 1996 on ano de nacimiento, Luis clicks on boton que lleva a la seccion de Direccion], Luis llenar direccion [Luis enters 'Bogota' into Ciudad, Luis types 'ARROW_DOWN' in Ciudad, Luis types 'ENTER' in Ciudad, Luis enters '250000' into Codigo Postal, Luis clicks on Contenedor para paises, Luis enters 'Colombia' then hits ARROW_DOWN and ENTER into Pais, Luis clicks on Boton que lleva a la seccion de Dispocitivos], Luis llenar dispositivos [Luis clicks on Contenedor de dispositivos moviles, Luis enters 'Apple' then hits ARROW_DOWN and ENTER into Dispositivo movil, Luis clicks on Contenedor de modelo de dispositivos moviles, Luis enters 'iPhone 5S' then hits ARROW_DOWN and ENTER into Modelo de dispositivo movil, Luis clicks on Contenedor de Sistema Operativo]]
[Test worker] WARN net.thucydides.core.steps.BaseStepListener - stepStarted: net.thucydides.core.steps.ExecutedStepDescription@71b4e4c4
[Test worker] WARN net.thucydides.core.steps.BaseStepListener - stepFinished: current outcome:Registro de Luis en la pagina de Utest:Given Luis desea registrarse en la plataforma Utest [Luis abrir [Luis opens the Pagina utest, Luis clicks on Boton para iniciar el registro]], When El usuario ingresa los datos requeridos por el sistema Utest
| strNombre | strApellido | strEmail | strMesNacimiento | strDiaNacimiento | strAnoNacimiento | strCiudad | strZip | strPais | strDispositivoMovil | strModeloMovil | strSistemaOperativoMovil | strClave |
| fernando | nustes | luisfernando0961013@gmail.com | October | 13 | 1996 | Bogota | 250000 | Colombia | Apple | iPhone 5S | iOS 11.0 | LuisL@129870 | [Luis llenar [Luis enters 'fernando' into nombre, Luis enters 'nustes' into apellido, Luis enters 'luisfernando0961013@gmail.com' into email, Luis select October on mes de nacimiento, Luis select 13 on dia de nacimiento, Luis select 1996 on ano de nacimiento, Luis clicks on boton que lleva a la seccion de Direccion], Luis llenar direccion [Luis enters 'Bogota' into Ciudad, Luis types 'ARROW_DOWN' in Ciudad, Luis types 'ENTER' in Ciudad, Luis enters '250000' into Codigo Postal, Luis clicks on Contenedor para paises, Luis enters 'Colombia' then hits ARROW_DOWN and ENTER into Pais, Luis clicks on Boton que lleva a la seccion de Dispocitivos], Luis llenar dispositivos [Luis clicks on Contenedor de dispositivos moviles, Luis enters 'Apple' then hits ARROW_DOWN and ENTER into Dispositivo movil, Luis clicks on Contenedor de modelo de dispositivos moviles, Luis enters 'iPhone 5S' then hits ARROW_DOWN and ENTER into Modelo de dispositivo movil, Luis clicks on Contenedor de Sistema Operativo, Luis enters 'iOS 11.0' then hits ARROW_DOWN and ENTER into Sistema Operativo de Dispositivo movil]]
[Test worker] WARN net.thucydides.core.steps.BaseStepListener - stepStarted: net.thucydides.core.steps.ExecutedStepDescription@37a92baa
[Test worker] WARN net.thucydides.core.steps.BaseStepListener - stepFinished: current outcome:Registro de Luis en la pagina de Utest:Given Luis desea registrarse en la plataforma Utest [Luis abrir [Luis opens the Pagina utest, Luis clicks on Boton para iniciar el registro]], When El usuario ingresa los datos requeridos por el sistema Utest
| strNombre | strApellido | strEmail | strMesNacimiento | strDiaNacimiento | strAnoNacimiento | strCiudad | strZip | strPais | strDispositivoMovil | strModeloMovil | strSistemaOperativoMovil | strClave |
| fernando | nustes | luisfernando0961013@gmail.com | October | 13 | 1996 | Bogota | 250000 | Colombia | Apple | iPhone 5S | iOS 11.0 | LuisL@129870 | [Luis llenar [Luis enters 'fernando' into nombre, Luis enters 'nustes' into apellido, Luis enters 'luisfernando0961013@gmail.com' into email, Luis select October on mes de nacimiento, Luis select 13 on dia de nacimiento, Luis select 1996 on ano de nacimiento, Luis clicks on boton que lleva a la seccion de Direccion], Luis llenar direccion [Luis enters 'Bogota' into Ciudad, Luis types 'ARROW_DOWN' in Ciudad, Luis types 'ENTER' in Ciudad, Luis enters '250000' into Codigo Postal, Luis clicks on Contenedor para paises, Luis enters 'Colombia' then hits ARROW_DOWN and ENTER into Pais, Luis clicks on Boton que lleva a la seccion de Dispocitivos], Luis llenar dispositivos [Luis clicks on Contenedor de dispositivos moviles, Luis enters 'Apple' then hits ARROW_DOWN and ENTER into Dispositivo movil, Luis clicks on Contenedor de modelo de dispositivos moviles, Luis enters 'iPhone 5S' then hits ARROW_DOWN and ENTER into Modelo de dispositivo movil, Luis clicks on Contenedor de Sistema Operativo, Luis enters 'iOS 11.0' then hits ARROW_DOWN and ENTER into Sistema Operativo de Dispositivo movil, Luis clicks on Boton que lleva a la secciÃ²n final]]
[Test worker] WARN net.thucydides.core.steps.BaseStepListener - stepFinished: current outcome:Registro de Luis en la pagina de Utest:Given Luis desea registrarse en la plataforma Utest [Luis abrir [Luis opens the Pagina utest, Luis clicks on Boton para iniciar el registro]], When El usuario ingresa los datos requeridos por el sistema Utest
| strNombre | strApellido | strEmail | strMesNacimiento | strDiaNacimiento | strAnoNacimiento | strCiudad | strZip | strPais | strDispositivoMovil | strModeloMovil | strSistemaOperativoMovil | strClave |
| fernando | nustes | luisfernando0961013@gmail.com | October | 13 | 1996 | Bogota | 250000 | Colombia | Apple | iPhone 5S | iOS 11.0 | LuisL@129870 | [Luis llenar [Luis enters 'fernando' into nombre, Luis enters 'nustes' into apellido, Luis enters 'luisfernando0961013@gmail.com' into email, Luis select October on mes de nacimiento, Luis select 13 on dia de nacimiento, Luis select 1996 on ano de nacimiento, Luis clicks on boton que lleva a la seccion de Direccion], Luis llenar direccion [Luis enters 'Bogota' into Ciudad, Luis types 'ARROW_DOWN' in Ciudad, Luis types 'ENTER' in Ciudad, Luis enters '250000' into Codigo Postal, Luis clicks on Contenedor para paises, Luis enters 'Colombia' then hits ARROW_DOWN and ENTER into Pais, Luis clicks on Boton que lleva a la seccion de Dispocitivos], Luis llenar dispositivos [Luis clicks on Contenedor de dispositivos moviles, Luis enters 'Apple' then hits ARROW_DOWN and ENTER into Dispositivo movil, Luis clicks on Contenedor de modelo de dispositivos moviles, Luis enters 'iPhone 5S' then hits ARROW_DOWN and ENTER into Modelo de dispositivo movil, Luis clicks on Contenedor de Sistema Operativo, Luis enters 'iOS 11.0' then hits ARROW_DOWN and ENTER into Sistema Operativo de Dispositivo movil, Luis clicks on Boton que lleva a la secciÃ²n final]]
[Test worker] WARN net.thucydides.core.steps.BaseStepListener - stepStarted: net.thucydides.core.steps.ExecutedStepDescription@6b355471
[Test worker] WARN net.thucydides.core.steps.BaseStepListener - stepStarted: net.thucydides.core.steps.ExecutedStepDescription@3ee2c3b2
[Test worker] WARN net.thucydides.core.steps.BaseStepListener - stepFinished: current outcome:Registro de Luis en la pagina de Utest:Given Luis desea registrarse en la plataforma Utest [Luis abrir [Luis opens the Pagina utest, Luis clicks on Boton para iniciar el registro]], When El usuario ingresa los datos requeridos por el sistema Utest
| strNombre | strApellido | strEmail | strMesNacimiento | strDiaNacimiento | strAnoNacimiento | strCiudad | strZip | strPais | strDispositivoMovil | strModeloMovil | strSistemaOperativoMovil | strClave |
| fernando | nustes | luisfernando0961013@gmail.com | October | 13 | 1996 | Bogota | 250000 | Colombia | Apple | iPhone 5S | iOS 11.0 | LuisL@129870 | [Luis llenar [Luis enters 'fernando' into nombre, Luis enters 'nustes' into apellido, Luis enters 'luisfernando0961013@gmail.com' into email, Luis select October on mes de nacimiento, Luis select 13 on dia de nacimiento, Luis select 1996 on ano de nacimiento, Luis clicks on boton que lleva a la seccion de Direccion], Luis llenar direccion [Luis enters 'Bogota' into Ciudad, Luis types 'ARROW_DOWN' in Ciudad, Luis types 'ENTER' in Ciudad, Luis enters '250000' into Codigo Postal, Luis clicks on Contenedor para paises, Luis enters 'Colombia' then hits ARROW_DOWN and ENTER into Pais, Luis clicks on Boton que lleva a la seccion de Dispocitivos], Luis llenar dispositivos [Luis clicks on Contenedor de dispositivos moviles, Luis enters 'Apple' then hits ARROW_DOWN and ENTER into Dispositivo movil, Luis clicks on Contenedor de modelo de dispositivos moviles, Luis enters 'iPhone 5S' then hits ARROW_DOWN and ENTER into Modelo de dispositivo movil, Luis clicks on Contenedor de Sistema Operativo, Luis enters 'iOS 11.0' then hits ARROW_DOWN and ENTER into Sistema Operativo de Dispositivo movil, Luis clicks on Boton que lleva a la secciÃ²n final], Luis llenar final [Luis enters 'LuisL@129870' into Clave de usuario]]
[Test worker] WARN net.thucydides.core.steps.BaseStepListener - stepStarted: net.thucydides.core.steps.ExecutedStepDescription@5037522a
[Test worker] WARN net.thucydides.core.steps.BaseStepListener - stepFinished: current outcome:Registro de Luis en la pagina de Utest:Given Luis desea registrarse en la plataforma Utest [Luis abrir [Luis opens the Pagina utest, Luis clicks on Boton para iniciar el registro]], When El usuario ingresa los datos requeridos por el sistema Utest
| strNombre | strApellido | strEmail | strMesNacimiento | strDiaNacimiento | strAnoNacimiento | strCiudad | strZip | strPais | strDispositivoMovil | strModeloMovil | strSistemaOperativoMovil | strClave |
| fernando | nustes | luisfernando0961013@gmail.com | October | 13 | 1996 | Bogota | 250000 | Colombia | Apple | iPhone 5S | iOS 11.0 | LuisL@129870 | [Luis llenar [Luis enters 'fernando' into nombre, Luis enters 'nustes' into apellido, Luis enters 'luisfernando0961013@gmail.com' into email, Luis select October on mes de nacimiento, Luis select 13 on dia de nacimiento, Luis select 1996 on ano de nacimiento, Luis clicks on boton que lleva a la seccion de Direccion], Luis llenar direccion [Luis enters 'Bogota' into Ciudad, Luis types 'ARROW_DOWN' in Ciudad, Luis types 'ENTER' in Ciudad, Luis enters '250000' into Codigo Postal, Luis clicks on Contenedor para paises, Luis enters 'Colombia' then hits ARROW_DOWN and ENTER into Pais, Luis clicks on Boton que lleva a la seccion de Dispocitivos], Luis llenar dispositivos [Luis clicks on Contenedor de dispositivos moviles, Luis enters 'Apple' then hits ARROW_DOWN and ENTER into Dispositivo movil, Luis clicks on Contenedor de modelo de dispositivos moviles, Luis enters 'iPhone 5S' then hits ARROW_DOWN and ENTER into Modelo de dispositivo movil, Luis clicks on Contenedor de Sistema Operativo, Luis enters 'iOS 11.0' then hits ARROW_DOWN and ENTER into Sistema Operativo de Dispositivo movil, Luis clicks on Boton que lleva a la secciÃ²n final], Luis llenar final [Luis enters 'LuisL@129870' into Clave de usuario, Luis enters 'LuisL@129870' into Confirmar Clave de usuario]]
[Test worker] WARN net.thucydides.core.steps.BaseStepListener - stepStarted: net.thucydides.core.steps.ExecutedStepDescription@322243d6
[Test worker] WARN net.thucydides.core.steps.BaseStepListener - stepFinished: current outcome:Registro de Luis en la pagina de Utest:Given Luis desea registrarse en la plataforma Utest [Luis abrir [Luis opens the Pagina utest, Luis clicks on Boton para iniciar el registro]], When El usuario ingresa los datos requeridos por el sistema Utest
| strNombre | strApellido | strEmail | strMesNacimiento | strDiaNacimiento | strAnoNacimiento | strCiudad | strZip | strPais | strDispositivoMovil | strModeloMovil | strSistemaOperativoMovil | strClave |
| fernando | nustes | luisfernando0961013@gmail.com | October | 13 | 1996 | Bogota | 250000 | Colombia | Apple | iPhone 5S | iOS 11.0 | LuisL@129870 | [Luis llenar [Luis enters 'fernando' into nombre, Luis enters 'nustes' into apellido, Luis enters 'luisfernando0961013@gmail.com' into email, Luis select October on mes de nacimiento, Luis select 13 on dia de nacimiento, Luis select 1996 on ano de nacimiento, Luis clicks on boton que lleva a la seccion de Direccion], Luis llenar direccion [Luis enters 'Bogota' into Ciudad, Luis types 'ARROW_DOWN' in Ciudad, Luis types 'ENTER' in Ciudad, Luis enters '250000' into Codigo Postal, Luis clicks on Contenedor para paises, Luis enters 'Colombia' then hits ARROW_DOWN and ENTER into Pais, Luis clicks on Boton que lleva a la seccion de Dispocitivos], Luis llenar dispositivos [Luis clicks on Contenedor de dispositivos moviles, Luis enters 'Apple' then hits ARROW_DOWN and ENTER into Dispositivo movil, Luis clicks on Contenedor de modelo de dispositivos moviles, Luis enters 'iPhone 5S' then hits ARROW_DOWN and ENTER into Modelo de dispositivo movil, Luis clicks on Contenedor de Sistema Operativo, Luis enters 'iOS 11.0' then hits ARROW_DOWN and ENTER into Sistema Operativo de Dispositivo movil, Luis clicks on Boton que lleva a la secciÃ²n final], Luis llenar final [Luis enters 'LuisL@129870' into Clave de usuario, Luis enters 'LuisL@129870' into Confirmar Clave de usuario, Luis clicks on Checkbox_1]]
[Test worker] WARN net.thucydides.core.steps.BaseStepListener - stepStarted: net.thucydides.core.steps.ExecutedStepDescription@492532ec
[Test worker] WARN net.thucydides.core.steps.BaseStepListener - stepFinished: current outcome:Registro de Luis en la pagina de Utest:Given Luis desea registrarse en la plataforma Utest [Luis abrir [Luis opens the Pagina utest, Luis clicks on Boton para iniciar el registro]], When El usuario ingresa los datos requeridos por el sistema Utest
| strNombre | strApellido | strEmail | strMesNacimiento | strDiaNacimiento | strAnoNacimiento | strCiudad | strZip | strPais | strDispositivoMovil | strModeloMovil | strSistemaOperativoMovil | strClave |
| fernando | nustes | luisfernando0961013@gmail.com | October | 13 | 1996 | Bogota | 250000 | Colombia | Apple | iPhone 5S | iOS 11.0 | LuisL@129870 | [Luis llenar [Luis enters 'fernando' into nombre, Luis enters 'nustes' into apellido, Luis enters 'luisfernando0961013@gmail.com' into email, Luis select October on mes de nacimiento, Luis select 13 on dia de nacimiento, Luis select 1996 on ano de nacimiento, Luis clicks on boton que lleva a la seccion de Direccion], Luis llenar direccion [Luis enters 'Bogota' into Ciudad, Luis types 'ARROW_DOWN' in Ciudad, Luis types 'ENTER' in Ciudad, Luis enters '250000' into Codigo Postal, Luis clicks on Contenedor para paises, Luis enters 'Colombia' then hits ARROW_DOWN and ENTER into Pais, Luis clicks on Boton que lleva a la seccion de Dispocitivos], Luis llenar dispositivos [Luis clicks on Contenedor de dispositivos moviles, Luis enters 'Apple' then hits ARROW_DOWN and ENTER into Dispositivo movil, Luis clicks on Contenedor de modelo de dispositivos moviles, Luis enters 'iPhone 5S' then hits ARROW_DOWN and ENTER into Modelo de dispositivo movil, Luis clicks on Contenedor de Sistema Operativo, Luis enters 'iOS 11.0' then hits ARROW_DOWN and ENTER into Sistema Operativo de Dispositivo movil, Luis clicks on Boton que lleva a la secciÃ²n final], Luis llenar final [Luis enters 'LuisL@129870' into Clave de usuario, Luis enters 'LuisL@129870' into Confirmar Clave de usuario, Luis clicks on Checkbox_1, Luis clicks on Checkbox_2]]
[Test worker] WARN net.thucydides.core.steps.BaseStepListener - stepStarted: net.thucydides.core.steps.ExecutedStepDescription@51b4ae55
[Test worker] WARN net.thucydides.core.steps.BaseStepListener - stepFinished: current outcome:Registro de Luis en la pagina de Utest:Given Luis desea registrarse en la plataforma Utest [Luis abrir [Luis opens the Pagina utest, Luis clicks on Boton para iniciar el registro]], When El usuario ingresa los datos requeridos por el sistema Utest
| strNombre | strApellido | strEmail | strMesNacimiento | strDiaNacimiento | strAnoNacimiento | strCiudad | strZip | strPais | strDispositivoMovil | strModeloMovil | strSistemaOperativoMovil | strClave |
| fernando | nustes | luisfernando0961013@gmail.com | October | 13 | 1996 | Bogota | 250000 | Colombia | Apple | iPhone 5S | iOS 11.0 | LuisL@129870 | [Luis llenar [Luis enters 'fernando' into nombre, Luis enters 'nustes' into apellido, Luis enters 'luisfernando0961013@gmail.com' into email, Luis select October on mes de nacimiento, Luis select 13 on dia de nacimiento, Luis select 1996 on ano de nacimiento, Luis clicks on boton que lleva a la seccion de Direccion], Luis llenar direccion [Luis enters 'Bogota' into Ciudad, Luis types 'ARROW_DOWN' in Ciudad, Luis types 'ENTER' in Ciudad, Luis enters '250000' into Codigo Postal, Luis clicks on Contenedor para paises, Luis enters 'Colombia' then hits ARROW_DOWN and ENTER into Pais, Luis clicks on Boton que lleva a la seccion de Dispocitivos], Luis llenar dispositivos [Luis clicks on Contenedor de dispositivos moviles, Luis enters 'Apple' then hits ARROW_DOWN and ENTER into Dispositivo movil, Luis clicks on Contenedor de modelo de dispositivos moviles, Luis enters 'iPhone 5S' then hits ARROW_DOWN and ENTER into Modelo de dispositivo movil, Luis clicks on Contenedor de Sistema Operativo, Luis enters 'iOS 11.0' then hits ARROW_DOWN and ENTER into Sistema Operativo de Dispositivo movil, Luis clicks on Boton que lleva a la secciÃ²n final], Luis llenar final [Luis enters 'LuisL@129870' into Clave de usuario, Luis enters 'LuisL@129870' into Confirmar Clave de usuario, Luis clicks on Checkbox_1, Luis clicks on Checkbox_2, Luis clicks on Checkbox_3]]
[Test worker] WARN net.thucydides.core.steps.BaseStepListener - stepStarted: net.thucydides.core.steps.ExecutedStepDescription@384dbdaa
[Test worker] WARN net.thucydides.core.steps.BaseStepListener - stepFinished: current outcome:Registro de Luis en la pagina de Utest:Given Luis desea registrarse en la plataforma Utest [Luis abrir [Luis opens the Pagina utest, Luis clicks on Boton para iniciar el registro]], When El usuario ingresa los datos requeridos por el sistema Utest
| strNombre | strApellido | strEmail | strMesNacimiento | strDiaNacimiento | strAnoNacimiento | strCiudad | strZip | strPais | strDispositivoMovil | strModeloMovil | strSistemaOperativoMovil | strClave |
| fernando | nustes | luisfernando0961013@gmail.com | October | 13 | 1996 | Bogota | 250000 | Colombia | Apple | iPhone 5S | iOS 11.0 | LuisL@129870 | [Luis llenar [Luis enters 'fernando' into nombre, Luis enters 'nustes' into apellido, Luis enters 'luisfernando0961013@gmail.com' into email, Luis select October on mes de nacimiento, Luis select 13 on dia de nacimiento, Luis select 1996 on ano de nacimiento, Luis clicks on boton que lleva a la seccion de Direccion], Luis llenar direccion [Luis enters 'Bogota' into Ciudad, Luis types 'ARROW_DOWN' in Ciudad, Luis types 'ENTER' in Ciudad, Luis enters '250000' into Codigo Postal, Luis clicks on Contenedor para paises, Luis enters 'Colombia' then hits ARROW_DOWN and ENTER into Pais, Luis clicks on Boton que lleva a la seccion de Dispocitivos], Luis llenar dispositivos [Luis clicks on Contenedor de dispositivos moviles, Luis enters 'Apple' then hits ARROW_DOWN and ENTER into Dispositivo movil, Luis clicks on Contenedor de modelo de dispositivos moviles, Luis enters 'iPhone 5S' then hits ARROW_DOWN and ENTER into Modelo de dispositivo movil, Luis clicks on Contenedor de Sistema Operativo, Luis enters 'iOS 11.0' then hits ARROW_DOWN and ENTER into Sistema Operativo de Dispositivo movil, Luis clicks on Boton que lleva a la secciÃ²n final], Luis llenar final [Luis enters 'LuisL@129870' into Clave de usuario, Luis enters 'LuisL@129870' into Confirmar Clave de usuario, Luis clicks on Checkbox_1, Luis clicks on Checkbox_2, Luis clicks on Checkbox_3, Luis clicks on Boton finalizar registro de usuario]]
[Test worker] WARN net.thucydides.core.steps.BaseStepListener - stepFinished: current outcome:Registro de Luis en la pagina de Utest:Given Luis desea registrarse en la plataforma Utest [Luis abrir [Luis opens the Pagina utest, Luis clicks on Boton para iniciar el registro]], When El usuario ingresa los datos requeridos por el sistema Utest
| strNombre | strApellido | strEmail | strMesNacimiento | strDiaNacimiento | strAnoNacimiento | strCiudad | strZip | strPais | strDispositivoMovil | strModeloMovil | strSistemaOperativoMovil | strClave |
| fernando | nustes | luisfernando0961013@gmail.com | October | 13 | 1996 | Bogota | 250000 | Colombia | Apple | iPhone 5S | iOS 11.0 | LuisL@129870 | [Luis llenar [Luis enters 'fernando' into nombre, Luis enters 'nustes' into apellido, Luis enters 'luisfernando0961013@gmail.com' into email, Luis select October on mes de nacimiento, Luis select 13 on dia de nacimiento, Luis select 1996 on ano de nacimiento, Luis clicks on boton que lleva a la seccion de Direccion], Luis llenar direccion [Luis enters 'Bogota' into Ciudad, Luis types 'ARROW_DOWN' in Ciudad, Luis types 'ENTER' in Ciudad, Luis enters '250000' into Codigo Postal, Luis clicks on Contenedor para paises, Luis enters 'Colombia' then hits ARROW_DOWN and ENTER into Pais, Luis clicks on Boton que lleva a la seccion de Dispocitivos], Luis llenar dispositivos [Luis clicks on Contenedor de dispositivos moviles, Luis enters 'Apple' then hits ARROW_DOWN and ENTER into Dispositivo movil, Luis clicks on Contenedor de modelo de dispositivos moviles, Luis enters 'iPhone 5S' then hits ARROW_DOWN and ENTER into Modelo de dispositivo movil, Luis clicks on Contenedor de Sistema Operativo, Luis enters 'iOS 11.0' then hits ARROW_DOWN and ENTER into Sistema Operativo de Dispositivo movil, Luis clicks on Boton que lleva a la secciÃ²n final], Luis llenar final [Luis enters 'LuisL@129870' into Clave de usuario, Luis enters 'LuisL@129870' into Confirmar Clave de usuario, Luis clicks on Checkbox_1, Luis clicks on Checkbox_2, Luis clicks on Checkbox_3, Luis clicks on Boton finalizar registro de usuario]]
[Test worker] WARN net.thucydides.core.steps.BaseStepListener - stepFinished: current outcome:Registro de Luis en la pagina de Utest:Given Luis desea registrarse en la plataforma Utest [Luis abrir [Luis opens the Pagina utest, Luis clicks on Boton para iniciar el registro]], When El usuario ingresa los datos requeridos por el sistema Utest
| strNombre | strApellido | strEmail | strMesNacimiento | strDiaNacimiento | strAnoNacimiento | strCiudad | strZip | strPais | strDispositivoMovil | strModeloMovil | strSistemaOperativoMovil | strClave |
| fernando | nustes | luisfernando0961013@gmail.com | October | 13 | 1996 | Bogota | 250000 | Colombia | Apple | iPhone 5S | iOS 11.0 | LuisL@129870 | [Luis llenar [Luis enters 'fernando' into nombre, Luis enters 'nustes' into apellido, Luis enters 'luisfernando0961013@gmail.com' into email, Luis select October on mes de nacimiento, Luis select 13 on dia de nacimiento, Luis select 1996 on ano de nacimiento, Luis clicks on boton que lleva a la seccion de Direccion], Luis llenar direccion [Luis enters 'Bogota' into Ciudad, Luis types 'ARROW_DOWN' in Ciudad, Luis types 'ENTER' in Ciudad, Luis enters '250000' into Codigo Postal, Luis clicks on Contenedor para paises, Luis enters 'Colombia' then hits ARROW_DOWN and ENTER into Pais, Luis clicks on Boton que lleva a la seccion de Dispocitivos], Luis llenar dispositivos [Luis clicks on Contenedor de dispositivos moviles, Luis enters 'Apple' then hits ARROW_DOWN and ENTER into Dispositivo movil, Luis clicks on Contenedor de modelo de dispositivos moviles, Luis enters 'iPhone 5S' then hits ARROW_DOWN and ENTER into Modelo de dispositivo movil, Luis clicks on Contenedor de Sistema Operativo, Luis enters 'iOS 11.0' then hits ARROW_DOWN and ENTER into Sistema Operativo de Dispositivo movil, Luis clicks on Boton que lleva a la secciÃ²n final], Luis llenar final [Luis enters 'LuisL@129870' into Clave de usuario, Luis enters 'LuisL@129870' into Confirmar Clave de usuario, Luis clicks on Checkbox_1, Luis clicks on Checkbox_2, Luis clicks on Checkbox_3, Luis clicks on Boton finalizar registro de usuario]]
[Test worker] WARN net.thucydides.core.steps.BaseStepListener - stepStarted: net.thucydides.core.steps.ExecutedStepDescription@b135f48
[Test worker] WARN net.thucydides.core.steps.BaseStepListener - stepFinished: current outcome:Registro de Luis en la pagina de Utest:Given Luis desea registrarse en la plataforma Utest [Luis abrir [Luis opens the Pagina utest, Luis clicks on Boton para iniciar el registro]], When El usuario ingresa los datos requeridos por el sistema Utest
| strNombre | strApellido | strEmail | strMesNacimiento | strDiaNacimiento | strAnoNacimiento | strCiudad | strZip | strPais | strDispositivoMovil | strModeloMovil | strSistemaOperativoMovil | strClave |
| fernando | nustes | luisfernando0961013@gmail.com | October | 13 | 1996 | Bogota | 250000 | Colombia | Apple | iPhone 5S | iOS 11.0 | LuisL@129870 | [Luis llenar [Luis enters 'fernando' into nombre, Luis enters 'nustes' into apellido, Luis enters 'luisfernando0961013@gmail.com' into email, Luis select October on mes de nacimiento, Luis select 13 on dia de nacimiento, Luis select 1996 on ano de nacimiento, Luis clicks on boton que lleva a la seccion de Direccion], Luis llenar direccion [Luis enters 'Bogota' into Ciudad, Luis types 'ARROW_DOWN' in Ciudad, Luis types 'ENTER' in Ciudad, Luis enters '250000' into Codigo Postal, Luis clicks on Contenedor para paises, Luis enters 'Colombia' then hits ARROW_DOWN and ENTER into Pais, Luis clicks on Boton que lleva a la seccion de Dispocitivos], Luis llenar dispositivos [Luis clicks on Contenedor de dispositivos moviles, Luis enters 'Apple' then hits ARROW_DOWN and ENTER into Dispositivo movil, Luis clicks on Contenedor de modelo de dispositivos moviles, Luis enters 'iPhone 5S' then hits ARROW_DOWN and ENTER into Modelo de dispositivo movil, Luis clicks on Contenedor de Sistema Operativo, Luis enters 'iOS 11.0' then hits ARROW_DOWN and ENTER into Sistema Operativo de Dispositivo movil, Luis clicks on Boton que lleva a la secciÃ²n final], Luis llenar final [Luis enters 'LuisL@129870' into Clave de usuario, Luis enters 'LuisL@129870' into Confirmar Clave de usuario, Luis clicks on Checkbox_1, Luis clicks on Checkbox_2, Luis clicks on Checkbox_3, Luis clicks on Boton finalizar registro de usuario]], Then El registro se completa al ver el boton de complete Setup
| strTextoFinal |
| Complete Setup |
[Test worker] WARN net.thucydides.core.steps.BaseStepListener - testFinished: Registro de Luis en la pagina de Utest:Given Luis desea registrarse en la plataforma Utest [Luis abrir [Luis opens the Pagina utest, Luis clicks on Boton para iniciar el registro]], When El usuario ingresa los datos requeridos por el sistema Utest
| strNombre | strApellido | strEmail | strMesNacimiento | strDiaNacimiento | strAnoNacimiento | strCiudad | strZip | strPais | strDispositivoMovil | strModeloMovil | strSistemaOperativoMovil | strClave |
| fernando | nustes | luisfernando0961013@gmail.com | October | 13 | 1996 | Bogota | 250000 | Colombia | Apple | iPhone 5S | iOS 11.0 | LuisL@129870 | [Luis llenar [Luis enters 'fernando' into nombre, Luis enters 'nustes' into apellido, Luis enters 'luisfernando0961013@gmail.com' into email, Luis select October on mes de nacimiento, Luis select 13 on dia de nacimiento, Luis select 1996 on ano de nacimiento, Luis clicks on boton que lleva a la seccion de Direccion], Luis llenar direccion [Luis enters 'Bogota' into Ciudad, Luis types 'ARROW_DOWN' in Ciudad, Luis types 'ENTER' in Ciudad, Luis enters '250000' into Codigo Postal, Luis clicks on Contenedor para paises, Luis enters 'Colombia' then hits ARROW_DOWN and ENTER into Pais, Luis clicks on Boton que lleva a la seccion de Dispocitivos], Luis llenar dispositivos [Luis clicks on Contenedor de dispositivos moviles, Luis enters 'Apple' then hits ARROW_DOWN and ENTER into Dispositivo movil, Luis clicks on Contenedor de modelo de dispositivos moviles, Luis enters 'iPhone 5S' then hits ARROW_DOWN and ENTER into Modelo de dispositivo movil, Luis clicks on Contenedor de Sistema Operativo, Luis enters 'iOS 11.0' then hits ARROW_DOWN and ENTER into Sistema Operativo de Dispositivo movil, Luis clicks on Boton que lleva a la secciÃ²n final], Luis llenar final [Luis enters 'LuisL@129870' into Clave de usuario, Luis enters 'LuisL@129870' into Confirmar Clave de usuario, Luis clicks on Checkbox_1, Luis clicks on Checkbox_2, Luis clicks on Checkbox_3, Luis clicks on Boton finalizar registro de usuario]], Then El registro se completa al ver el boton de complete Setup
| strTextoFinal |
| Complete Setup |
[Test worker] WARN net.thucydides.core.steps.BaseStepListener - TestOutcomes: [Registro de Luis en la pagina de Utest:Given Luis desea registrarse en la plataforma Utest [Luis abrir [Luis opens the Pagina utest, Luis clicks on Boton para iniciar el registro]], When El usuario ingresa los datos requeridos por el sistema Utest
| strNombre | strApellido | strEmail | strMesNacimiento | strDiaNacimiento | strAnoNacimiento | strCiudad | strZip | strPais | strDispositivoMovil | strModeloMovil | strSistemaOperativoMovil | strClave |
| fernando | nustes | luisfernando0961013@gmail.com | October | 13 | 1996 | Bogota | 250000 | Colombia | Apple | iPhone 5S | iOS 11.0 | LuisL@129870 | [Luis llenar [Luis enters 'fernando' into nombre, Luis enters 'nustes' into apellido, Luis enters 'luisfernando0961013@gmail.com' into email, Luis select October on mes de nacimiento, Luis select 13 on dia de nacimiento, Luis select 1996 on ano de nacimiento, Luis clicks on boton que lleva a la seccion de Direccion], Luis llenar direccion [Luis enters 'Bogota' into Ciudad, Luis types 'ARROW_DOWN' in Ciudad, Luis types 'ENTER' in Ciudad, Luis enters '250000' into Codigo Postal, Luis clicks on Contenedor para paises, Luis enters 'Colombia' then hits ARROW_DOWN and ENTER into Pais, Luis clicks on Boton que lleva a la seccion de Dispocitivos], Luis llenar dispositivos [Luis clicks on Contenedor de dispositivos moviles, Luis enters 'Apple' then hits ARROW_DOWN and ENTER into Dispositivo movil, Luis clicks on Contenedor de modelo de dispositivos moviles, Luis enters 'iPhone 5S' then hits ARROW_DOWN and ENTER into Modelo de dispositivo movil, Luis clicks on Contenedor de Sistema Operativo, Luis enters 'iOS 11.0' then hits ARROW_DOWN and ENTER into Sistema Operativo de Dispositivo movil, Luis clicks on Boton que lleva a la secciÃ²n final], Luis llenar final [Luis enters 'LuisL@129870' into Clave de usuario, Luis enters 'LuisL@129870' into Confirmar Clave de usuario, Luis clicks on Checkbox_1, Luis clicks on Checkbox_2, Luis clicks on Checkbox_3, Luis clicks on Boton finalizar registro de usuario]], Then El registro se completa al ver el boton de complete Setup
| strTextoFinal |
| Complete Setup |]
[Test worker] WARN net.thucydides.core.steps.BaseStepListener - Final testOutcomes: [Registro de Luis en la pagina de Utest:Given Luis desea registrarse en la plataforma Utest [Luis abrir [Luis opens the Pagina utest, Luis clicks on Boton para iniciar el registro]], When El usuario ingresa los datos requeridos por el sistema Utest
| strNombre | strApellido | strEmail | strMesNacimiento | strDiaNacimiento | strAnoNacimiento | strCiudad | strZip | strPais | strDispositivoMovil | strModeloMovil | strSistemaOperativoMovil | strClave |
| fernando | nustes | luisfernando0961013@gmail.com | October | 13 | 1996 | Bogota | 250000 | Colombia | Apple | iPhone 5S | iOS 11.0 | LuisL@129870 | [Luis llenar [Luis enters 'fernando' into nombre, Luis enters 'nustes' into apellido, Luis enters 'luisfernando0961013@gmail.com' into email, Luis select October on mes de nacimiento, Luis select 13 on dia de nacimiento, Luis select 1996 on ano de nacimiento, Luis clicks on boton que lleva a la seccion de Direccion], Luis llenar direccion [Luis enters 'Bogota' into Ciudad, Luis types 'ARROW_DOWN' in Ciudad, Luis types 'ENTER' in Ciudad, Luis enters '250000' into Codigo Postal, Luis clicks on Contenedor para paises, Luis enters 'Colombia' then hits ARROW_DOWN and ENTER into Pais, Luis clicks on Boton que lleva a la seccion de Dispocitivos], Luis llenar dispositivos [Luis clicks on Contenedor de dispositivos moviles, Luis enters 'Apple' then hits ARROW_DOWN and ENTER into Dispositivo movil, Luis clicks on Contenedor de modelo de dispositivos moviles, Luis enters 'iPhone 5S' then hits ARROW_DOWN and ENTER into Modelo de dispositivo movil, Luis clicks on Contenedor de Sistema Operativo, Luis enters 'iOS 11.0' then hits ARROW_DOWN and ENTER into Sistema Operativo de Dispositivo movil, Luis clicks on Boton que lleva a la secciÃ²n final], Luis llenar final [Luis enters 'LuisL@129870' into Clave de usuario, Luis enters 'LuisL@129870' into Confirmar Clave de usuario, Luis clicks on Checkbox_1, Luis clicks on Checkbox_2, Luis clicks on Checkbox_3, Luis clicks on Boton finalizar registro de usuario]], Then El registro se completa al ver el boton de complete Setup
| strTextoFinal |
| Complete Setup |]
[Test worker] INFO net.thucydides.core.steps.ConsoleLoggingListener - 
        __    _____ _____ ____ _____   ____   _    ____  ____  _____ ____  
  _     \ \  |_   _| ____/ ___|_   _| |  _ \ / \  / ___|/ ___|| ____|  _ \ 
 (_)_____| |   | | |  _| \___ \ | |   | |_) / _ \ \___ \\___ \|  _| | | | |
  _|_____| |   | | | |___ ___) || |   |  __/ ___ \ ___) |___) | |___| |_| |
 (_)     | |   |_| |_____|____/ |_|   |_| /_/   \_\____/|____/|_____|____/ 
        /_/                                                                

TEST PASSED: Registro de Luis en la pagina de Utest
----------------------------------------------------------------------------
]]></system-err>
</testsuite>
